Scraper run completed at Sat May 17 15:41:53 IDT 2025
Scraper run completed at Sat May 17 15:43:14 IDT 2025
Scraper run completed at Sat May 17 15:43:35 IDT 2025
Scraper run completed at Sat May 17 15:44:13 IDT 2025
Scraper run completed at Sat May 17 15:45:14 IDT 2025
Scraper run completed at Sat May 17 15:46:03 IDT 2025
Scraper run completed at Sat May 17 15:46:58 IDT 2025
Scraper run completed at Sat May 17 15:47:50 IDT 2025
Scraper run completed at Sat May 17 15:48:49 IDT 2025
Scraper run completed at Sat May 17 15:51:23 IDT 2025
Scraper run completed at Sat May 17 15:53:14 IDT 2025
Scraper run completed at Sat May 17 15:58:41 IDT 2025
Scraper run completed at Sat May 17 16:02:02 IDT 2025
Scraper run completed at Sat May 17 16:02:59 IDT 2025
Scraper run completed at Sat May 17 16:03:39 IDT 2025
Scraper run completed at Sat May 17 16:04:51 IDT 2025
Scraper run completed at Sat May 17 16:05:36 IDT 2025
Scraper run completed at Sat May 17 16:06:28 IDT 2025
Scraper run completed at Sat May 17 16:08:14 IDT 2025
Scraper run completed at Sat May 17 16:09:21 IDT 2025
Scraper run completed at Sat May 17 16:10:49 IDT 2025
Scraper run completed at Sat May 17 16:16:41 IDT 2025
Scraper run completed at Sat May 17 16:17:30 IDT 2025
Scraper run completed at Sat May 17 16:18:31 IDT 2025
Scraper run completed at Sat May 17 16:21:14 IDT 2025
Scraper run completed at Sat May 17 16:22:18 IDT 2025
Scraper run completed at Sat May 17 16:23:43 IDT 2025
Scraper run completed at Sat May 17 16:29:37 IDT 2025
Scraper run completed at Sat May 17 16:30:51 IDT 2025
Scraper run completed at Sat May 17 16:46:55 IDT 2025
Scraper run completed at Sat May 17 19:32:41 IDT 2025
Scraper run completed at Sun May 18 10:13:08 IDT 2025
Scraper run completed at Sun May 18 11:22:48 IDT 2025
Scraper run completed at Sun May 18 13:30:42 IDT 2025
Scraper run completed at Sun May 18 14:44:58 IDT 2025
Scraper run completed at Sun May 18 15:54:41 IDT 2025
Scraper run completed at Sun May 18 17:08:45 IDT 2025
Scraper run completed at Sun May 18 19:14:39 IDT 2025
Scraper run completed at Sun May 18 19:40:43 IDT 2025
Scraper run completed at Sun May 18 19:42:29 IDT 2025
Scraper run completed at Sun May 18 19:43:38 IDT 2025
Scraper run completed at Sun May 18 19:45:03 IDT 2025
Scraper run completed at Sun May 18 19:46:49 IDT 2025
Scraper run completed at Sun May 18 19:48:21 IDT 2025
Scraper run completed at Sun May 18 19:57:30 IDT 2025
Scraper run completed at Sun May 18 19:59:26 IDT 2025
Scraper run completed at Sun May 18 20:05:42 IDT 2025
Scraper run completed at Sun May 18 20:08:28 IDT 2025
Scraper run completed at Sun May 18 20:11:57 IDT 2025
Scraper run completed at Sun May 18 20:18:44 IDT 2025
Scraper run completed at Sun May 18 20:19:38 IDT 2025
Scraper run completed at Sun May 18 20:25:40 IDT 2025
Scraper run completed at Sun May 18 20:27:16 IDT 2025
Scraper run completed at Sun May 18 20:29:19 IDT 2025
Scraper run completed at Sun May 18 21:57:16 IDT 2025
Scraper run completed at Sun May 18 22:14:28 IDT 2025
Scraper run completed at Sun May 18 22:15:41 IDT 2025
Scraper run completed at Sun May 18 22:17:20 IDT 2025
Scraper run completed at Sun May 18 22:21:55 IDT 2025
Scraper run completed at Sun May 18 22:31:16 IDT 2025
Scraper run completed at Sun May 18 22:38:30 IDT 2025
Scraper run completed at Sun May 18 22:40:15 IDT 2025
Scraper run completed at Sun May 18 22:41:16 IDT 2025
Scraper run completed at Sun May 18 22:43:07 IDT 2025
Scraper run completed at Sun May 18 22:45:18 IDT 2025
Scraper run completed at Sun May 18 22:49:25 IDT 2025
Scraper run completed at Sun May 18 23:00:50 IDT 2025
Scraper run completed at Sun May 18 23:16:40 IDT 2025
Scraper run completed at Mon May 19 00:00:55 IDT 2025
Scraper run completed at Mon May 19 00:17:23 IDT 2025
Scraper run completed at Mon May 19 01:00:48 IDT 2025
Scraper run completed at Mon May 19 01:18:08 IDT 2025
Scraper run completed at Mon May 19 02:00:55 IDT 2025
Scraper run completed at Mon May 19 02:18:55 IDT 2025
Scraper run completed at Mon May 19 03:00:44 IDT 2025
Scraper run completed at Mon May 19 03:19:33 IDT 2025
Scraper run completed at Mon May 19 04:00:36 IDT 2025
Scraper run completed at Mon May 19 04:20:02 IDT 2025
Scraper run completed at Mon May 19 05:00:31 IDT 2025
Scraper run completed at Mon May 19 05:20:29 IDT 2025
Scraper run completed at Mon May 19 06:00:49 IDT 2025
Scraper run completed at Mon May 19 06:21:07 IDT 2025
Scraper run completed at Mon May 19 07:00:30 IDT 2025
Scraper run completed at Mon May 19 07:21:52 IDT 2025
Scraper run completed at Mon May 19 08:00:49 IDT 2025
Scraper run completed at Mon May 19 08:22:39 IDT 2025
Scraper run completed at Mon May 19 10:00:41 IDT 2025
Scraper run completed at Mon May 19 10:03:18 IDT 2025
Scraper run completed at Mon May 19 12:02:24 IDT 2025
Scraper run completed at Mon May 19 12:20:16 IDT 2025
Scraper run completed at Mon May 19 13:01:20 IDT 2025
Scraper run completed at Mon May 19 13:52:02 IDT 2025
Scraper run completed at Mon May 19 14:00:52 IDT 2025
Scraper run completed at Mon May 19 14:54:31 IDT 2025
Scraper run completed at Mon May 19 15:00:53 IDT 2025
Scraper run completed at Mon May 19 15:59:29 IDT 2025
Scraper run completed at Mon May 19 16:00:50 IDT 2025
Scraper run completed at Mon May 19 16:14:57 IDT 2025
Scraper run completed at Mon May 19 16:39:20 IDT 2025
Scraper run completed at Mon May 19 17:00:42 IDT 2025
Scraper run completed at Mon May 19 17:06:35 IDT 2025
Scraper run completed at Mon May 19 17:06:43 IDT 2025
Scraper run completed at Mon May 19 17:10:25 IDT 2025
Scraper run completed at Mon May 19 21:00:51 IDT 2025
Scraper run completed at Mon May 19 21:21:50 IDT 2025
Scraper run completed at Mon May 19 22:00:43 IDT 2025
Scraper run completed at Mon May 19 22:22:43 IDT 2025
Scraper run completed at Mon May 19 23:00:45 IDT 2025
Scraper run completed at Mon May 19 23:23:27 IDT 2025
Scraper run completed at Tue May 20 00:00:51 IDT 2025
Scraper run completed at Tue May 20 00:24:10 IDT 2025
Scraper run completed at Tue May 20 01:00:50 IDT 2025
Scraper run completed at Tue May 20 01:24:56 IDT 2025
Scraper run completed at Tue May 20 02:00:52 IDT 2025
Scraper run completed at Tue May 20 02:25:42 IDT 2025
Scraper run completed at Tue May 20 03:00:42 IDT 2025
Scraper run completed at Tue May 20 03:26:24 IDT 2025
Scraper run completed at Tue May 20 04:00:50 IDT 2025
Scraper run completed at Tue May 20 04:27:15 IDT 2025
Scraper run completed at Tue May 20 05:00:50 IDT 2025
Scraper run completed at Tue May 20 05:28:02 IDT 2025
Scraper run completed at Tue May 20 06:00:39 IDT 2025
Scraper run completed at Tue May 20 06:28:41 IDT 2025
Scraper run completed at Tue May 20 07:00:46 IDT 2025
Scraper run completed at Tue May 20 07:29:24 IDT 2025
Scraper run completed at Tue May 20 10:00:53 IDT 2025
Scraper run completed at Tue May 20 10:18:50 IDT 2025
Scraper run completed at Tue May 20 11:01:24 IDT 2025
Scraper run completed at Tue May 20 11:22:56 IDT 2025
Scraper run completed at Tue May 20 11:26:03 IDT 2025
Scraper run completed at Tue May 20 12:00:42 IDT 2025
Scraper run completed at Tue May 20 13:18:49 IDT 2025
Scraper run completed at Tue May 20 14:12:49 IDT 2025
Scraper run completed at Tue May 20 14:31:15 IDT 2025
Scraper run completed at Tue May 20 15:00:46 IDT 2025
Scraper run completed at Tue May 20 15:39:35 IDT 2025
Scraper run completed at Tue May 20 17:00:46 IDT 2025
Scraper run completed at Tue May 20 17:15:33 IDT 2025
Scraper run completed at Tue May 20 19:00:45 IDT 2025
Scraper run completed at Tue May 20 19:48:34 IDT 2025
Scraper run completed at Tue May 20 20:00:49 IDT 2025
Scraper run completed at Tue May 20 20:49:12 IDT 2025
Scraper run completed at Tue May 20 21:00:38 IDT 2025
Scraper run completed at Tue May 20 21:49:59 IDT 2025
Scraper run completed at Tue May 20 22:01:00 IDT 2025
Scraper run completed at Tue May 20 22:50:44 IDT 2025
Scraper run completed at Tue May 20 23:00:50 IDT 2025
Scraper run completed at Tue May 20 23:51:26 IDT 2025
Scraper run completed at Wed May 21 00:00:46 IDT 2025
Scraper run completed at Wed May 21 00:52:13 IDT 2025
Scraper run completed at Wed May 21 01:00:48 IDT 2025
Scraper run completed at Wed May 21 01:53:06 IDT 2025
Scraper run completed at Wed May 21 02:00:41 IDT 2025
Scraper run completed at Wed May 21 02:54:03 IDT 2025
Scraper run completed at Wed May 21 03:00:47 IDT 2025
Scraper run completed at Wed May 21 03:54:48 IDT 2025
Scraper run completed at Wed May 21 04:00:50 IDT 2025
Scraper run completed at Wed May 21 04:55:33 IDT 2025
Scraper run completed at Wed May 21 05:00:44 IDT 2025
Scraper run completed at Wed May 21 05:56:18 IDT 2025
Scraper run completed at Wed May 21 06:00:38 IDT 2025
Scraper run completed at Wed May 21 06:57:03 IDT 2025
Scraper run completed at Wed May 21 07:00:44 IDT 2025
Scraper run completed at Wed May 21 07:57:48 IDT 2025
Scraper run completed at Wed May 21 08:00:42 IDT 2025
Scraper run completed at Wed May 21 09:40:45 IDT 2025
Scraper run completed at Wed May 21 10:00:41 IDT 2025
Scraper run completed at Wed May 21 10:41:26 IDT 2025
Scraper run completed at Wed May 21 11:00:42 IDT 2025
Scraper run completed at Wed May 21 11:42:08 IDT 2025
Scraper run completed at Wed May 21 13:00:50 IDT 2025
Scraper run completed at Wed May 21 13:48:31 IDT 2025
Scraper run completed at Wed May 21 14:00:52 IDT 2025
Scraper run completed at Wed May 21 14:49:29 IDT 2025
Scraper run completed at Wed May 21 15:00:49 IDT 2025
Scraper run completed at Wed May 21 15:50:45 IDT 2025
Scraper run completed at Wed May 21 16:02:42 IDT 2025
Scraper run completed at Wed May 21 16:53:35 IDT 2025
Scraper run completed at Wed May 21 17:00:45 IDT 2025
Scraper run completed at Wed May 21 18:31:38 IDT 2025
Scraper run completed at Wed May 21 19:00:38 IDT 2025
Scraper run completed at Wed May 21 19:32:35 IDT 2025
Scraper run completed at Wed May 21 20:00:51 IDT 2025
Scraper run completed at Wed May 21 20:33:17 IDT 2025
Scraper run completed at Wed May 21 21:01:17 IDT 2025
Scraper run completed at Wed May 21 21:34:07 IDT 2025
Scraper run completed at Wed May 21 22:00:51 IDT 2025
Scraper run completed at Wed May 21 22:34:53 IDT 2025
Scraper run completed at Wed May 21 23:00:42 IDT 2025
Scraper run completed at Wed May 21 23:35:38 IDT 2025
Scraper run completed at Thu May 22 00:01:05 IDT 2025
Scraper run completed at Thu May 22 00:36:25 IDT 2025
Scraper run completed at Thu May 22 01:00:51 IDT 2025
Scraper run completed at Thu May 22 01:37:10 IDT 2025
Scraper run completed at Thu May 22 02:00:40 IDT 2025
Scraper run completed at Thu May 22 02:37:57 IDT 2025
Scraper run completed at Thu May 22 03:00:44 IDT 2025
Scraper run completed at Thu May 22 03:53:51 IDT 2025
Scraper run completed at Thu May 22 04:00:51 IDT 2025
Scraper run completed at Thu May 22 05:07:29 IDT 2025
Scraper run completed at Thu May 22 06:34:41 IDT 2025
Scraper run completed at Thu May 22 07:00:44 IDT 2025
Scraper run completed at Thu May 22 09:00:46 IDT 2025
Scraper run completed at Thu May 22 10:00:53 IDT 2025
Scraper run completed at Thu May 22 10:14:55 IDT 2025
Scraper run completed at Thu May 22 11:00:46 IDT 2025
Scraper run completed at Thu May 22 11:15:38 IDT 2025
Scraper run completed at Thu May 22 12:01:03 IDT 2025
Scraper run completed at Thu May 22 13:00:55 IDT 2025
Scraper run completed at Thu May 22 13:04:04 IDT 2025
Scraper run completed at Thu May 22 14:00:55 IDT 2025
Scraper run completed at Thu May 22 14:04:44 IDT 2025
Scraper run completed at Thu May 22 15:01:04 IDT 2025
Scraper run completed at Thu May 22 15:05:41 IDT 2025
Scraper run completed at Thu May 22 16:00:42 IDT 2025
Scraper run completed at Thu May 22 16:06:19 IDT 2025
Scraper run completed at Thu May 22 17:00:43 IDT 2025
Scraper run completed at Thu May 22 17:07:06 IDT 2025
Scraper run completed at Thu May 22 20:00:49 IDT 2025
Scraper run completed at Thu May 22 20:03:18 IDT 2025
Scraper run completed at Thu May 22 21:00:47 IDT 2025
Scraper run completed at Thu May 22 21:04:04 IDT 2025
Scraper run completed at Thu May 22 22:00:48 IDT 2025
Scraper run completed at Thu May 22 22:04:51 IDT 2025
Scraper run completed at Thu May 22 23:00:53 IDT 2025
Scraper run completed at Thu May 22 23:05:42 IDT 2025
Scraper run completed at Fri May 23 00:22:30 IDT 2025
Scraper run completed at Fri May 23 01:00:46 IDT 2025
Scraper run completed at Fri May 23 02:21:40 IDT 2025
Scraper run completed at Fri May 23 03:00:43 IDT 2025
Scraper run completed at Fri May 23 03:22:23 IDT 2025
Scraper run completed at Fri May 23 04:00:56 IDT 2025
Scraper run completed at Fri May 23 04:39:17 IDT 2025
Scraper run completed at Fri May 23 05:00:41 IDT 2025
Scraper run completed at Fri May 23 07:00:52 IDT 2025
Scraper run completed at Fri May 23 07:03:38 IDT 2025
Scraper run completed at Fri May 23 08:59:15 IDT 2025
Scraper run completed at Fri May 23 09:00:48 IDT 2025
Scraper run completed at Fri May 23 10:00:01 IDT 2025
Scraper run completed at Fri May 23 10:00:49 IDT 2025
Scraper run completed at Fri May 23 11:00:42 IDT 2025
Scraper run completed at Fri May 23 11:00:43 IDT 2025
Scraper run completed at Fri May 23 12:01:00 IDT 2025
Scraper run completed at Fri May 23 12:01:32 IDT 2025
Scraper run completed at Fri May 23 13:00:45 IDT 2025
Scraper run completed at Fri May 23 13:02:19 IDT 2025
Scraper run completed at Fri May 23 14:00:42 IDT 2025
Scraper run completed at Fri May 23 14:03:07 IDT 2025
Scraper run completed at Fri May 23 15:00:52 IDT 2025
Scraper run completed at Fri May 23 15:05:57 IDT 2025
Scraper run completed at Fri May 23 15:08:42 IDT 2025
Scraper run completed at Fri May 23 16:00:43 IDT 2025
Scraper run completed at Fri May 23 16:06:45 IDT 2025
Scraper run completed at Fri May 23 17:00:44 IDT 2025
Scraper run completed at Fri May 23 17:07:35 IDT 2025
Scraper run completed at Fri May 23 18:00:40 IDT 2025
Scraper run completed at Fri May 23 18:08:35 IDT 2025
Scraper run completed at Fri May 23 19:00:49 IDT 2025
Scraper run completed at Fri May 23 19:09:22 IDT 2025
Scraper run completed at Fri May 23 20:00:51 IDT 2025
Scraper run completed at Fri May 23 20:10:09 IDT 2025
Scraper run completed at Fri May 23 21:00:51 IDT 2025
Scraper run completed at Fri May 23 21:10:57 IDT 2025
Scraper run completed at Sat May 24 09:29:26 IDT 2025
Scraper run completed at Sat May 24 10:00:44 IDT 2025
Scraper run completed at Sat May 24 10:30:18 IDT 2025
Scraper run completed at Sat May 24 11:00:54 IDT 2025
Scraper run completed at Sat May 24 11:31:12 IDT 2025
Scraper run completed at Sat May 24 12:00:56 IDT 2025
Scraper run completed at Sat May 24 12:32:04 IDT 2025
Scraper run completed at Sat May 24 13:00:45 IDT 2025
Scraper run completed at Sat May 24 13:32:54 IDT 2025
Scraper run completed at Sat May 24 14:00:45 IDT 2025
Scraper run completed at Sat May 24 14:33:44 IDT 2025
Scraper run completed at Sat May 24 15:00:43 IDT 2025
Scraper run completed at Sat May 24 15:34:27 IDT 2025
Scraper run completed at Sat May 24 16:00:41 IDT 2025
Scraper run completed at Sat May 24 16:35:20 IDT 2025
Scraper run completed at Sat May 24 17:00:47 IDT 2025
Scraper run completed at Sat May 24 17:36:07 IDT 2025
Scraper run completed at Sat May 24 18:00:54 IDT 2025
Scraper run completed at Sat May 24 18:36:56 IDT 2025
Scraper run completed at Sat May 24 19:00:43 IDT 2025
Scraper run completed at Sat May 24 19:37:49 IDT 2025
Scraper run completed at Sat May 24 20:00:44 IDT 2025
Scraper run completed at Sat May 24 20:38:39 IDT 2025
Scraper run completed at Sat May 24 21:00:49 IDT 2025
Scraper run completed at Sat May 24 21:39:26 IDT 2025
Scraper run completed at Sat May 24 22:00:45 IDT 2025
Scraper run completed at Sat May 24 23:54:28 IDT 2025
Scraper run completed at Sun May 25 00:00:42 IDT 2025
Scraper run completed at Sun May 25 00:55:19 IDT 2025
Scraper run completed at Sun May 25 01:00:42 IDT 2025
Scraper run completed at Sun May 25 02:08:39 IDT 2025
Scraper run completed at Sun May 25 02:21:33 IDT 2025
Scraper run completed at Sun May 25 03:00:47 IDT 2025
Scraper run completed at Sun May 25 03:47:24 IDT 2025
Scraper run completed at Sun May 25 04:00:39 IDT 2025
Scraper run completed at Sun May 25 05:18:36 IDT 2025
Scraper run completed at Sun May 25 05:26:28 IDT 2025
Scraper run completed at Sun May 25 06:00:44 IDT 2025
Scraper run completed at Sun May 25 06:31:54 IDT 2025
Scraper run completed at Sun May 25 07:00:52 IDT 2025
Scraper run completed at Sun May 25 07:45:15 IDT 2025
Scraper run completed at Sun May 25 08:05:09 IDT 2025
Scraper run completed at Sun May 25 08:58:56 IDT 2025
Scraper run completed at Sun May 25 09:10:25 IDT 2025
